<?xml version="1.0" encoding="UTF-8"?>
<testsuite xmlns:xsi="http://www.w3.org/2001/XMLSchema-instance" xsi:noNamespaceSchemaLocation="https://maven.apache.org/surefire/maven-surefire-plugin/xsd/surefire-test-report-3.0.xsd" version="3.0" name="com.tip.dg4.toeic_exam.ToeicExamApplicationTests" time="5.266" tests="1" errors="0" skipped="0" failures="0">
  <properties>
[...]
</properties>
  <testcase name="contextLoads" classname="com.tip.dg4.toeic_exam.ToeicExamApplicationTests" time="0.011">
    <system-out><![CDATA[2023-08-17T09:10:09,398  INFO 23028 --- [           main] t.c.s.AnnotationConfigContextLoaderUtils : Could not detect default configuration classes for test class [com.tip.dg4.toeic_exam.ToeicExamApplicationTests]: ToeicExamApplicationTests does not declare any static, non-private, non-final, nested classes annotated with @Configuration.
2023-08-17T09:10:09,467  INFO 23028 --- [           main] .b.t.c.SpringBootTestContextBootstrapper : Found @SpringBootConfiguration com.tip.dg4.toeic_exam.ToeicExamApplication for test class com.tip.dg4.toeic_exam.ToeicExamApplicationTests

  .   ____          _            __ _ _
 /\\ / ___'_ __ _ _(_)_ __  __ _ \ \ \ \
( ( )\___ | '_ | '_| | '_ \/ _` | \ \ \ \
 \\/  ___)| |_)| | | | | || (_| |  ) ) ) )
  '  |____| .__|_| |_|_| |_\__, | / / / /
 =========|_|==============|___/=/_/_/_/
2023-08-17T09:10:09,715  INFO 23028 --- [kground-preinit] o.h.v.i.u.Version                        : HV000001: Hibernate Validator 8.0.0.Final
 :: Spring Boot ::                (v3.1.0)

2023-08-17T09:10:09,747  INFO 23028 --- [           main] c.t.d.t.ToeicExamApplicationTests        : Starting ToeicExamApplicationTests using Java 20.0.2 with PID 23028 (started by dntien in D:\Toeic-app-deploy\toeic-app-backend)
2023-08-17T09:10:09,751  INFO 23028 --- [           main] c.t.d.t.ToeicExamApplicationTests        : No active profile set, falling back to 1 default profile: "default"
2023-08-17T09:10:10,414  INFO 23028 --- [           main] .s.d.r.c.RepositoryConfigurationDelegate : Bootstrapping Spring Data MongoDB repositories in DEFAULT mode.
2023-08-17T09:10:10,505  INFO 23028 --- [           main] .s.d.r.c.RepositoryConfigurationDelegate : Finished Spring Data repository scanning in 87 ms. Found 12 MongoDB repository interfaces.
2023-08-17T09:10:12,184  INFO 23028 --- [           main] o.m.d.client                             : MongoClient with metadata {"driver": {"name": "mongo-java-driver|sync|spring-boot", "version": "4.9.1"}, "os": {"type": "Windows", "name": "Windows 10", "architecture": "amd64", "version": "10.0"}, "platform": "Java/Oracle Corporation/20.0.2+9-78"} created with settings MongoClientSettings{readPreference=primary, writeConcern=WriteConcern{w=majority, wTimeout=null ms, journal=null}, retryWrites=true, retryReads=true, readConcern=ReadConcern{level=null}, credential=MongoCredential{mechanism=null, userName='vtronghieu', source='admin', password=<hidden>, mechanismProperties=<hidden>}, streamFactoryFactory=null, commandListeners=[], codecRegistry=ProvidersCodecRegistry{codecProviders=[ValueCodecProvider{}, BsonValueCodecProvider{}, DBRefCodecProvider{}, DBObjectCodecProvider{}, DocumentCodecProvider{}, CollectionCodecProvider{}, IterableCodecProvider{}, MapCodecProvider{}, GeoJsonCodecProvider{}, GridFSFileCodecProvider{}, Jsr310CodecProvider{}, JsonObjectCodecProvider{}, BsonCodecProvider{}, EnumCodecProvider{}, com.mongodb.client.model.mql.ExpressionCodecProvider@61bf405d, com.mongodb.Jep395RecordCodecProvider@32298473]}, loggerSettings=LoggerSettings{maxDocumentLength=1000}, clusterSettings={hosts=[127.0.0.1:27017], srvHost=cluster0.bz5smxn.mongodb.net, srvServiceName=mongodb, mode=MULTIPLE, requiredClusterType=REPLICA_SET, requiredReplicaSetName='atlas-exh0f3-shard-0', serverSelector='null', clusterListeners='[]', serverSelectionTimeout='30000 ms', localThreshold='30000 ms'}, socketSettings=SocketSettings{connectTimeoutMS=10000, readTimeoutMS=0, receiveBufferSize=0, sendBufferSize=0}, heartbeatSocketSettings=SocketSettings{connectTimeoutMS=10000, readTimeoutMS=10000, receiveBufferSize=0, sendBufferSize=0}, connectionPoolSettings=ConnectionPoolSettings{maxSize=100, minSize=0, maxWaitTimeMS=120000, maxConnectionLifeTimeMS=0, maxConnectionIdleTimeMS=0, maintenanceInitialDelayMS=0, maintenanceFrequencyMS=60000, connectionPoolListeners=[], maxConnecting=2}, serverSettings=ServerSettings{heartbeatFrequencyMS=10000, minHeartbeatFrequencyMS=500, serverListeners='[]', serverMonitorListeners='[]'}, sslSettings=SslSettings{enabled=true, invalidHostNameAllowed=false, context=null}, applicationName='null', compressorList=[], uuidRepresentation=JAVA_LEGACY, serverApi=null, autoEncryptionSettings=null, contextProvider=null}
2023-08-17T09:10:13,816  INFO 23028 --- [mxn.mongodb.net] o.m.d.cluster                            : Adding discovered server ac-dafmvbd-shard-00-02.bz5smxn.mongodb.net:27017 to client view of cluster
2023-08-17T09:10:13,833  INFO 23028 --- [mxn.mongodb.net] o.m.d.cluster                            : Adding discovered server ac-dafmvbd-shard-00-01.bz5smxn.mongodb.net:27017 to client view of cluster
2023-08-17T09:10:13,834  INFO 23028 --- [mxn.mongodb.net] o.m.d.cluster                            : Adding discovered server ac-dafmvbd-shard-00-00.bz5smxn.mongodb.net:27017 to client view of cluster
2023-08-17T09:10:13,876  INFO 23028 --- [           main] o.s.s.w.DefaultSecurityFilterChain       : Will secure any request with [org.springframework.security.web.session.DisableEncodeUrlFilter@4d3a7f83, org.springframework.security.web.context.request.async.WebAsyncManagerIntegrationFilter@3ea1729e, org.springframework.security.web.context.SecurityContextHolderFilter@1756a471, org.springframework.security.web.header.HeaderWriterFilter@7bf94e91, org.springframework.web.filter.CorsFilter@6956eb58, com.tip.dg4.toeic_exam.config.JwtAuthFilter@7fff419d, org.springframework.security.web.savedrequest.RequestCacheAwareFilter@70b630d, org.springframework.security.web.servletapi.SecurityContextHolderAwareRequestFilter@72e1e587, org.springframework.security.web.authentication.AnonymousAuthenticationFilter@6127ef86, org.springframework.security.web.session.SessionManagementFilter@32c08610, org.springframework.security.web.access.ExceptionTranslationFilter@155318b5, org.springframework.security.web.access.intercept.AuthorizationFilter@10e4cc6]
2023-08-17T09:10:14,198  INFO 23028 --- [           main] c.t.d.t.ToeicExamApplicationTests        : Started ToeicExamApplicationTests in 4.635 seconds (process running for 6.755)
]]></system-out>
  </testcase>
</testsuite>