<?xml version="1.0" encoding="UTF-8"?>
<testsuite xmlns:xsi="http://www.w3.org/2001/XMLSchema-instance" xsi:noNamespaceSchemaLocation="https://maven.apache.org/surefire/maven-surefire-plugin/xsd/surefire-test-report-3.0.xsd" version="3.0" name="com.tip.dg4.toeic_exam.security.SecurityTest" time="0.006" tests="3" errors="0" skipped="0" failures="0">
  <properties>
[...]
</properties>
  <testcase name="testUserProfileEndpoint_AuthenticatedUserWithUserRole" classname="com.tip.dg4.toeic_exam.security.SecurityTest" time="0.001"/>
  <testcase name="testUserProfileEndpoint_AuthenticatedUserWithoutUserRole" classname="com.tip.dg4.toeic_exam.security.SecurityTest" time="0.001"/>
  <testcase name="testUserProfileEndpoint_UnauthenticatedUser" classname="com.tip.dg4.toeic_exam.security.SecurityTest" time="0.001"/>
</testsuite>